Build started 1/8/2012 11:16:14 PM.
     1>Project "C:\Users\Amichai\Documents\Visual Studio 2010\Projects\ComputationalPhysics\ProjectileMotionWithDrag\ProjectileMotionWithDrag.vcxproj" on node 2 (build target(s)).
     1>PrepareForBuild:
         Creating directory "C:\Users\Amichai\Documents\Visual Studio 2010\Projects\ComputationalPhysics\Release\".
       InitializeBuildStatus:
         Creating "Release\ProjectileMotionWithDrag.unsuccessfulbuild" because "AlwaysCreate" was specified.
       ClCompile:
         c:\Program Files (x86)\Microsoft Visual Studio 10.0\VC\bin\CL.exe /c /Zi /nologo /W3 /WX- /O2 /Oi /Oy- /GL /D WIN32 /D NDEBUG /D _CONSOLE /D _UNICODE /D UNICODE /Gm- /EHsc /MD /GS /Gy /fp:precise /Zc:wchar_t /Zc:forScope /Yc"StdAfx.h" /Fp"Release\ProjectileMotionWithDrag.pch" /Fo"Release\\" /Fd"Release\vc100.pdb" /Gd /TP /analyze- /errorReport:prompt stdafx.cpp
         stdafx.cpp
         c:\Program Files (x86)\Microsoft Visual Studio 10.0\VC\bin\CL.exe /c /Zi /nologo /W3 /WX- /O2 /Oi /Oy- /GL /D WIN32 /D NDEBUG /D _CONSOLE /D _UNICODE /D UNICODE /Gm- /EHsc /MD /GS /Gy /fp:precise /Zc:wchar_t /Zc:forScope /Yu"StdAfx.h" /Fp"Release\ProjectileMotionWithDrag.pch" /Fo"Release\\" /Fd"Release\vc100.pdb" /Gd /TP /analyze- /errorReport:prompt pendulum.cpp difeq.cpp relaxationMethod.cpp "runge-kutte.cpp"
         pendulum.cpp
     1>pendulum.cpp(21): warning C4996: 'fopen': This function or variable may be unsafe. Consider using fopen_s instead. To disable deprecation, use _CRT_SECURE_NO_WARNINGS. See online help for details.
                 c:\Program Files (x86)\Microsoft Visual Studio 10.0\VC\include\stdio.h(234) : see declaration of 'fopen'
         difeq.cpp
     1>difeq.cpp(46): warning C4996: 'fopen': This function or variable may be unsafe. Consider using fopen_s instead. To disable deprecation, use _CRT_SECURE_NO_WARNINGS. See online help for details.
                 c:\Program Files (x86)\Microsoft Visual Studio 10.0\VC\include\stdio.h(234) : see declaration of 'fopen'
     1>difeq.cpp(26): warning C4101: 'pi' : unreferenced local variable
         relaxationMethod.cpp
     1>relaxationMethod.cpp(18): warning C4996: 'fopen': This function or variable may be unsafe. Consider using fopen_s instead. To disable deprecation, use _CRT_SECURE_NO_WARNINGS. See online help for details.
                 c:\Program Files (x86)\Microsoft Visual Studio 10.0\VC\include\stdio.h(234) : see declaration of 'fopen'
     1>relaxationMethod.cpp(67): warning C4996: 'fopen': This function or variable may be unsafe. Consider using fopen_s instead. To disable deprecation, use _CRT_SECURE_NO_WARNINGS. See online help for details.
                 c:\Program Files (x86)\Microsoft Visual Studio 10.0\VC\include\stdio.h(234) : see declaration of 'fopen'
     1>relaxationMethod.cpp(163): warning C4244: '=' : conversion from 'double' to 'int', possible loss of data
     1>relaxationMethod.cpp(206): warning C4996: 'sprintf': This function or variable may be unsafe. Consider using sprintf_s instead. To disable deprecation, use _CRT_SECURE_NO_WARNINGS. See online help for details.
                 c:\Program Files (x86)\Microsoft Visual Studio 10.0\VC\include\stdio.h(371) : see declaration of 'sprintf'
     1>relaxationMethod.cpp(49): warning C4101: 'rn1' : unreferenced local variable
     1>relaxationMethod.cpp(49): warning C4101: 'prn' : unreferenced local variable
         runge-kutte.cpp
     1>runge-kutte.cpp(8): warning C4101: 'j' : unreferenced local variable
     1>runge-kutte.cpp(45): warning C4101: 'j' : unreferenced local variable
       Link:
         c:\Program Files (x86)\Microsoft Visual Studio 10.0\VC\bin\link.exe /ERRORREPORT:PROMPT /OUT:"C:\Users\Amichai\Documents\Visual Studio 2010\Projects\ComputationalPhysics\Release\ProjectileMotionWithDrag.exe" /INCREMENTAL:NO /NOLOGO kernel32.lib user32.lib gdi32.lib winspool.lib comdlg32.lib advapi32.lib shell32.lib ole32.lib oleaut32.lib uuid.lib odbc32.lib odbccp32.lib /MANIFEST /ManifestFile:"Release\ProjectileMotionWithDrag.exe.intermediate.manifest" /MANIFESTUAC:"level='asInvoker' uiAccess='false'" /DEBUG /PDB:"C:\Users\Amichai\Documents\Visual Studio 2010\Projects\ComputationalPhysics\Release\ProjectileMotionWithDrag.pdb" /SUBSYSTEM:CONSOLE /OPT:REF /OPT:ICF /LTCG /TLBID:1 /DYNAMICBASE /NXCOMPAT /IMPLIB:"C:\Users\Amichai\Documents\Visual Studio 2010\Projects\ComputationalPhysics\Release\ProjectileMotionWithDrag.lib" /MACHINE:X86 Release\pendulum.obj
         Release\difeq.obj
         Release\relaxationMethod.obj
         "Release\runge-kutte.obj"
         Release\stdafx.obj
         Generating code
         Finished generating code
         ProjectileMotionWithDrag.vcxproj -> C:\Users\Amichai\Documents\Visual Studio 2010\Projects\ComputationalPhysics\Release\ProjectileMotionWithDrag.exe
       Manifest:
         C:\Program Files (x86)\Microsoft SDKs\Windows\v7.0A\bin\mt.exe /nologo /verbose /outputresource:"C:\Users\Amichai\Documents\Visual Studio 2010\Projects\ComputationalPhysics\Release\ProjectileMotionWithDrag.exe;#1" /manifest Release\ProjectileMotionWithDrag.exe.intermediate.manifest
       FinalizeBuildStatus:
         Deleting file "Release\ProjectileMotionWithDrag.unsuccessfulbuild".
         Touching "Release\ProjectileMotionWithDrag.lastbuildstate".
     1>Done Building Project "C:\Users\Amichai\Documents\Visual Studio 2010\Projects\ComputationalPhysics\ProjectileMotionWithDrag\ProjectileMotionWithDrag.vcxproj" (build target(s)).

Build succeeded.

Time Elapsed 00:00:11.13
