C:\USERS\AMICHAI\DOCUMENTS\VISUAL STUDIO 2010\PROJECTS\COMPUTATIONALPHYSICS\DEBUG\PROJECTILEMOTIONWITHDRAG.EXE
C:\USERS\AMICHAI\DOCUMENTS\VISUAL STUDIO 2010\PROJECTS\COMPUTATIONALPHYSICS\DEBUG\PROJECTILEMOTIONWITHDRAG.ILK
C:\USERS\AMICHAI\DOCUMENTS\VISUAL STUDIO 2010\PROJECTS\COMPUTATIONALPHYSICS\DEBUG\PROJECTILEMOTIONWITHDRAG.PDB
C:\Users\Amichai\Documents\Visual Studio 2010\Projects\ComputationalPhysics\ProjectileMotionWithDrag\Debug\cl.command.1.tlog
C:\Users\Amichai\Documents\Visual Studio 2010\Projects\ComputationalPhysics\ProjectileMotionWithDrag\Debug\CL.read.1.tlog
C:\Users\Amichai\Documents\Visual Studio 2010\Projects\ComputationalPhysics\ProjectileMotionWithDrag\Debug\CL.write.1.tlog
C:\Users\Amichai\Documents\Visual Studio 2010\Projects\ComputationalPhysics\ProjectileMotionWithDrag\Debug\link.11988.read.1.tlog
C:\Users\Amichai\Documents\Visual Studio 2010\Projects\ComputationalPhysics\ProjectileMotionWithDrag\Debug\link.11988.write.1.tlog
C:\Users\Amichai\Documents\Visual Studio 2010\Projects\ComputationalPhysics\ProjectileMotionWithDrag\Debug\link.11988-cvtres.read.1.tlog
C:\Users\Amichai\Documents\Visual Studio 2010\Projects\ComputationalPhysics\ProjectileMotionWithDrag\Debug\link.11988-cvtres.write.1.tlog
C:\Users\Amichai\Documents\Visual Studio 2010\Projects\ComputationalPhysics\ProjectileMotionWithDrag\Debug\link.command.1.tlog
C:\Users\Amichai\Documents\Visual Studio 2010\Projects\ComputationalPhysics\ProjectileMotionWithDrag\Debug\link.read.1.tlog
C:\Users\Amichai\Documents\Visual Studio 2010\Projects\ComputationalPhysics\ProjectileMotionWithDrag\Debug\link.write.1.tlog
C:\Users\Amichai\Documents\Visual Studio 2010\Projects\ComputationalPhysics\ProjectileMotionWithDrag\Debug\link-cvtres.read.1.tlog
C:\Users\Amichai\Documents\Visual Studio 2010\Projects\ComputationalPhysics\ProjectileMotionWithDrag\Debug\link-cvtres.write.1.tlog
C:\Users\Amichai\Documents\Visual Studio 2010\Projects\ComputationalPhysics\ProjectileMotionWithDrag\Debug\mt.command.1.tlog
C:\Users\Amichai\Documents\Visual Studio 2010\Projects\ComputationalPhysics\ProjectileMotionWithDrag\Debug\mt.read.1.tlog
C:\Users\Amichai\Documents\Visual Studio 2010\Projects\ComputationalPhysics\ProjectileMotionWithDrag\Debug\mt.write.1.tlog
C:\USERS\AMICHAI\DOCUMENTS\VISUAL STUDIO 2010\PROJECTS\COMPUTATIONALPHYSICS\PROJECTILEMOTIONWITHDRAG\DEBUG\PROJECTILEMOTIONWITHDRAG.EXE.EMBED.MANIFEST
C:\USERS\AMICHAI\DOCUMENTS\VISUAL STUDIO 2010\PROJECTS\COMPUTATIONALPHYSICS\PROJECTILEMOTIONWITHDRAG\DEBUG\PROJECTILEMOTIONWITHDRAG.EXE.EMBED.MANIFEST.RES
C:\USERS\AMICHAI\DOCUMENTS\VISUAL STUDIO 2010\PROJECTS\COMPUTATIONALPHYSICS\PROJECTILEMOTIONWITHDRAG\DEBUG\PROJECTILEMOTIONWITHDRAG.EXE.INTERMEDIATE.MANIFEST
C:\USERS\AMICHAI\DOCUMENTS\VISUAL STUDIO 2010\PROJECTS\COMPUTATIONALPHYSICS\PROJECTILEMOTIONWITHDRAG\DEBUG\PROJECTILEMOTIONWITHDRAG.OBJ
C:\USERS\AMICHAI\DOCUMENTS\VISUAL STUDIO 2010\PROJECTS\COMPUTATIONALPHYSICS\PROJECTILEMOTIONWITHDRAG\DEBUG\PROJECTILEMOTIONWITHDRAG.PCH
C:\Users\Amichai\Documents\Visual Studio 2010\Projects\ComputationalPhysics\ProjectileMotionWithDrag\Debug\ProjectileMotionWithDrag_manifest.rc
C:\Users\Amichai\Documents\Visual Studio 2010\Projects\ComputationalPhysics\ProjectileMotionWithDrag\Debug\rc.command.1.tlog
C:\Users\Amichai\Documents\Visual Studio 2010\Projects\ComputationalPhysics\ProjectileMotionWithDrag\Debug\rc.read.1.tlog
C:\Users\Amichai\Documents\Visual Studio 2010\Projects\ComputationalPhysics\ProjectileMotionWithDrag\Debug\rc.write.1.tlog
C:\USERS\AMICHAI\DOCUMENTS\VISUAL STUDIO 2010\PROJECTS\COMPUTATIONALPHYSICS\PROJECTILEMOTIONWITHDRAG\DEBUG\STDAFX.OBJ
C:\Users\Amichai\Documents\Visual Studio 2010\Projects\ComputationalPhysics\ProjectileMotionWithDrag\Debug\vc100.idb
C:\USERS\AMICHAI\DOCUMENTS\VISUAL STUDIO 2010\PROJECTS\COMPUTATIONALPHYSICS\PROJECTILEMOTIONWITHDRAG\DEBUG\VC100.PDB
