Build started 12/12/2011 1:39:41 AM.
     1>Project "C:\Users\Amichai\Documents\Visual Studio 2010\Projects\ComputationalPhysics\ProjectileMotionWithDrag\ProjectileMotionWithDrag.vcxproj" on node 2 (rebuild target(s)).
     1>_PrepareForClean:
         Deleting file "Debug\ProjectileMotionWithDrag.lastbuildstate".
       InitializeBuildStatus:
         Creating "Debug\ProjectileMotionWithDrag.unsuccessfulbuild" because "AlwaysCreate" was specified.
       ClCompile:
         c:\Program Files (x86)\Microsoft Visual Studio 10.0\VC\bin\CL.exe /c /ZI /nologo /W3 /WX- /Od /Oy- /D WIN32 /D _DEBUG /D _CONSOLE /D _UNICODE /D UNICODE /Gm /EHsc /RTC1 /MDd /GS /fp:precise /Zc:wchar_t /Zc:forScope /Yc"StdAfx.h" /Fp"Debug\ProjectileMotionWithDrag.pch" /Fo"Debug\\" /Fd"Debug\vc100.pdb" /Gd /TP /analyze- /errorReport:prompt stdafx.cpp
         stdafx.cpp
         c:\Program Files (x86)\Microsoft Visual Studio 10.0\VC\bin\CL.exe /c /ZI /nologo /W3 /WX- /Od /Oy- /D WIN32 /D _DEBUG /D _CONSOLE /D _UNICODE /D UNICODE /Gm /EHsc /RTC1 /MDd /GS /fp:precise /Zc:wchar_t /Zc:forScope /Yu"StdAfx.h" /Fp"Debug\ProjectileMotionWithDrag.pch" /Fo"Debug\\" /Fd"Debug\vc100.pdb" /Gd /TP /analyze- /errorReport:prompt ProjectileMotionWithDrag.cpp
         ProjectileMotionWithDrag.cpp
     1>c:\users\amichai\documents\visual studio 2010\projects\computationalphysics\projectilemotionwithdrag\projectilemotionwithdrag.cpp(24): warning C4996: 'scanf': This function or variable may be unsafe. Consider using scanf_s instead. To disable deprecation, use _CRT_SECURE_NO_WARNINGS. See online help for details.
                 c:\program files (x86)\microsoft visual studio 10.0\vc\include\stdio.h(304) : see declaration of 'scanf'
     1>c:\users\amichai\documents\visual studio 2010\projects\computationalphysics\projectilemotionwithdrag\projectilemotionwithdrag.cpp(28): warning C4996: 'scanf': This function or variable may be unsafe. Consider using scanf_s instead. To disable deprecation, use _CRT_SECURE_NO_WARNINGS. See online help for details.
                 c:\program files (x86)\microsoft visual studio 10.0\vc\include\stdio.h(304) : see declaration of 'scanf'
     1>c:\users\amichai\documents\visual studio 2010\projects\computationalphysics\projectilemotionwithdrag\projectilemotionwithdrag.cpp(32): warning C4996: 'scanf': This function or variable may be unsafe. Consider using scanf_s instead. To disable deprecation, use _CRT_SECURE_NO_WARNINGS. See online help for details.
                 c:\program files (x86)\microsoft visual studio 10.0\vc\include\stdio.h(304) : see declaration of 'scanf'
     1>c:\users\amichai\documents\visual studio 2010\projects\computationalphysics\projectilemotionwithdrag\projectilemotionwithdrag.cpp(36): warning C4996: 'scanf': This function or variable may be unsafe. Consider using scanf_s instead. To disable deprecation, use _CRT_SECURE_NO_WARNINGS. See online help for details.
                 c:\program files (x86)\microsoft visual studio 10.0\vc\include\stdio.h(304) : see declaration of 'scanf'
     1>c:\users\amichai\documents\visual studio 2010\projects\computationalphysics\projectilemotionwithdrag\projectilemotionwithdrag.cpp(40): warning C4996: 'scanf': This function or variable may be unsafe. Consider using scanf_s instead. To disable deprecation, use _CRT_SECURE_NO_WARNINGS. See online help for details.
                 c:\program files (x86)\microsoft visual studio 10.0\vc\include\stdio.h(304) : see declaration of 'scanf'
     1>c:\users\amichai\documents\visual studio 2010\projects\computationalphysics\projectilemotionwithdrag\projectilemotionwithdrag.cpp(44): warning C4996: 'scanf': This function or variable may be unsafe. Consider using scanf_s instead. To disable deprecation, use _CRT_SECURE_NO_WARNINGS. See online help for details.
                 c:\program files (x86)\microsoft visual studio 10.0\vc\include\stdio.h(304) : see declaration of 'scanf'
     1>c:\users\amichai\documents\visual studio 2010\projects\computationalphysics\projectilemotionwithdrag\projectilemotionwithdrag.cpp(49): warning C4996: 'scanf': This function or variable may be unsafe. Consider using scanf_s instead. To disable deprecation, use _CRT_SECURE_NO_WARNINGS. See online help for details.
                 c:\program files (x86)\microsoft visual studio 10.0\vc\include\stdio.h(304) : see declaration of 'scanf'
     1>c:\users\amichai\documents\visual studio 2010\projects\computationalphysics\projectilemotionwithdrag\projectilemotionwithdrag.cpp(53): warning C4996: 'scanf': This function or variable may be unsafe. Consider using scanf_s instead. To disable deprecation, use _CRT_SECURE_NO_WARNINGS. See online help for details.
                 c:\program files (x86)\microsoft visual studio 10.0\vc\include\stdio.h(304) : see declaration of 'scanf'
     1>c:\users\amichai\documents\visual studio 2010\projects\computationalphysics\projectilemotionwithdrag\projectilemotionwithdrag.cpp(60): warning C4996: 'scanf': This function or variable may be unsafe. Consider using scanf_s instead. To disable deprecation, use _CRT_SECURE_NO_WARNINGS. See online help for details.
                 c:\program files (x86)\microsoft visual studio 10.0\vc\include\stdio.h(304) : see declaration of 'scanf'
     1>c:\users\amichai\documents\visual studio 2010\projects\computationalphysics\projectilemotionwithdrag\projectilemotionwithdrag.cpp(72): warning C4996: 'scanf': This function or variable may be unsafe. Consider using scanf_s instead. To disable deprecation, use _CRT_SECURE_NO_WARNINGS. See online help for details.
                 c:\program files (x86)\microsoft visual studio 10.0\vc\include\stdio.h(304) : see declaration of 'scanf'
     1>c:\users\amichai\documents\visual studio 2010\projects\computationalphysics\projectilemotionwithdrag\projectilemotionwithdrag.cpp(74): warning C4996: 'scanf': This function or variable may be unsafe. Consider using scanf_s instead. To disable deprecation, use _CRT_SECURE_NO_WARNINGS. See online help for details.
                 c:\program files (x86)\microsoft visual studio 10.0\vc\include\stdio.h(304) : see declaration of 'scanf'
     1>c:\users\amichai\documents\visual studio 2010\projects\computationalphysics\projectilemotionwithdrag\projectilemotionwithdrag.cpp(84): warning C4996: 'scanf': This function or variable may be unsafe. Consider using scanf_s instead. To disable deprecation, use _CRT_SECURE_NO_WARNINGS. See online help for details.
                 c:\program files (x86)\microsoft visual studio 10.0\vc\include\stdio.h(304) : see declaration of 'scanf'
     1>c:\users\amichai\documents\visual studio 2010\projects\computationalphysics\projectilemotionwithdrag\projectilemotionwithdrag.cpp(88): warning C4996: 'scanf': This function or variable may be unsafe. Consider using scanf_s instead. To disable deprecation, use _CRT_SECURE_NO_WARNINGS. See online help for details.
                 c:\program files (x86)\microsoft visual studio 10.0\vc\include\stdio.h(304) : see declaration of 'scanf'
     1>c:\users\amichai\documents\visual studio 2010\projects\computationalphysics\projectilemotionwithdrag\projectilemotionwithdrag.cpp(92): warning C4996: 'scanf': This function or variable may be unsafe. Consider using scanf_s instead. To disable deprecation, use _CRT_SECURE_NO_WARNINGS. See online help for details.
                 c:\program files (x86)\microsoft visual studio 10.0\vc\include\stdio.h(304) : see declaration of 'scanf'
     1>c:\users\amichai\documents\visual studio 2010\projects\computationalphysics\projectilemotionwithdrag\projectilemotionwithdrag.cpp(96): warning C4996: 'scanf': This function or variable may be unsafe. Consider using scanf_s instead. To disable deprecation, use _CRT_SECURE_NO_WARNINGS. See online help for details.
                 c:\program files (x86)\microsoft visual studio 10.0\vc\include\stdio.h(304) : see declaration of 'scanf'
     1>c:\users\amichai\documents\visual studio 2010\projects\computationalphysics\projectilemotionwithdrag\projectilemotionwithdrag.cpp(100): warning C4996: 'scanf': This function or variable may be unsafe. Consider using scanf_s instead. To disable deprecation, use _CRT_SECURE_NO_WARNINGS. See online help for details.
                 c:\program files (x86)\microsoft visual studio 10.0\vc\include\stdio.h(304) : see declaration of 'scanf'
     1>c:\users\amichai\documents\visual studio 2010\projects\computationalphysics\projectilemotionwithdrag\projectilemotionwithdrag.cpp(103): warning C4996: 'fopen': This function or variable may be unsafe. Consider using fopen_s instead. To disable deprecation, use _CRT_SECURE_NO_WARNINGS. See online help for details.
                 c:\program files (x86)\microsoft visual studio 10.0\vc\include\stdio.h(234) : see declaration of 'fopen'
     1>c:\users\amichai\documents\visual studio 2010\projects\computationalphysics\projectilemotionwithdrag\projectilemotionwithdrag.cpp(120): warning C4996: 'scanf': This function or variable may be unsafe. Consider using scanf_s instead. To disable deprecation, use _CRT_SECURE_NO_WARNINGS. See online help for details.
                 c:\program files (x86)\microsoft visual studio 10.0\vc\include\stdio.h(304) : see declaration of 'scanf'
     1>c:\users\amichai\documents\visual studio 2010\projects\computationalphysics\projectilemotionwithdrag\projectilemotionwithdrag.cpp(66): warning C4101: 'Bs' : unreferenced local variable
       ManifestResourceCompile:
         C:\Program Files (x86)\Microsoft SDKs\Windows\v7.0A\bin\rc.exe /nologo /fo"Debug\ProjectileMotionWithDrag.exe.embed.manifest.res" Debug\ProjectileMotionWithDrag_manifest.rc 
       Link:
         c:\Program Files (x86)\Microsoft Visual Studio 10.0\VC\bin\link.exe /ERRORREPORT:PROMPT /OUT:"C:\Users\Amichai\Documents\Visual Studio 2010\Projects\ComputationalPhysics\Debug\ProjectileMotionWithDrag.exe" /INCREMENTAL /NOLOGO kernel32.lib user32.lib gdi32.lib winspool.lib comdlg32.lib advapi32.lib shell32.lib ole32.lib oleaut32.lib uuid.lib odbc32.lib odbccp32.lib /MANIFEST /ManifestFile:"Debug\ProjectileMotionWithDrag.exe.intermediate.manifest" /MANIFESTUAC:"level='asInvoker' uiAccess='false'" /DEBUG /PDB:"C:\Users\Amichai\Documents\Visual Studio 2010\Projects\ComputationalPhysics\Debug\ProjectileMotionWithDrag.pdb" /SUBSYSTEM:CONSOLE /TLBID:1 /DYNAMICBASE /NXCOMPAT /IMPLIB:"C:\Users\Amichai\Documents\Visual Studio 2010\Projects\ComputationalPhysics\Debug\ProjectileMotionWithDrag.lib" /MACHINE:X86 Debug\ProjectileMotionWithDrag.exe.embed.manifest.res
         Debug\ProjectileMotionWithDrag.obj
         Debug\stdafx.obj
     1>LINK : warning LNK4067: ambiguous entry point; selected 'mainCRTStartup'
       Manifest:
         Deleting file "Debug\ProjectileMotionWithDrag.exe.embed.manifest".
         C:\Program Files (x86)\Microsoft SDKs\Windows\v7.0A\bin\mt.exe /nologo /verbose /out:"Debug\ProjectileMotionWithDrag.exe.embed.manifest" /manifest Debug\ProjectileMotionWithDrag.exe.intermediate.manifest
         C:\Program Files (x86)\Microsoft SDKs\Windows\v7.0A\bin\rc.exe /nologo /fo"Debug\ProjectileMotionWithDrag.exe.embed.manifest.res" Debug\ProjectileMotionWithDrag_manifest.rc 
       LinkEmbedManifest:
         c:\Program Files (x86)\Microsoft Visual Studio 10.0\VC\bin\link.exe /ERRORREPORT:PROMPT /OUT:"C:\Users\Amichai\Documents\Visual Studio 2010\Projects\ComputationalPhysics\Debug\ProjectileMotionWithDrag.exe" /INCREMENTAL /NOLOGO kernel32.lib user32.lib gdi32.lib winspool.lib comdlg32.lib advapi32.lib shell32.lib ole32.lib oleaut32.lib uuid.lib odbc32.lib odbccp32.lib /MANIFEST /ManifestFile:"Debug\ProjectileMotionWithDrag.exe.intermediate.manifest" /MANIFESTUAC:"level='asInvoker' uiAccess='false'" /DEBUG /PDB:"C:\Users\Amichai\Documents\Visual Studio 2010\Projects\ComputationalPhysics\Debug\ProjectileMotionWithDrag.pdb" /SUBSYSTEM:CONSOLE /TLBID:1 /DYNAMICBASE /NXCOMPAT /IMPLIB:"C:\Users\Amichai\Documents\Visual Studio 2010\Projects\ComputationalPhysics\Debug\ProjectileMotionWithDrag.lib" /MACHINE:X86 Debug\ProjectileMotionWithDrag.exe.embed.manifest.res
         Debug\ProjectileMotionWithDrag.obj
         Debug\stdafx.obj
     1>LINK : warning LNK4067: ambiguous entry point; selected 'mainCRTStartup'
         ProjectileMotionWithDrag.vcxproj -> C:\Users\Amichai\Documents\Visual Studio 2010\Projects\ComputationalPhysics\Debug\ProjectileMotionWithDrag.exe
       FinalizeBuildStatus:
         Deleting file "Debug\ProjectileMotionWithDrag.unsuccessfulbuild".
         Touching "Debug\ProjectileMotionWithDrag.lastbuildstate".
     1>Done Building Project "C:\Users\Amichai\Documents\Visual Studio 2010\Projects\ComputationalPhysics\ProjectileMotionWithDrag\ProjectileMotionWithDrag.vcxproj" (rebuild target(s)).

Build succeeded.

Time Elapsed 00:00:09.96
